<?xml version="1.0" encoding="UTF-8"?>
<testng-results skipped="0" failed="0" ignored="0" total="1" passed="1">
  <reporter-output>
  </reporter-output>
  <suite name="Default suite" duration-ms="13624" started-at="2018-09-06T17:05:20Z" finished-at="2018-09-06T17:05:34Z">
    <groups>
    </groups>
    <test name="Default test" duration-ms="13624" started-at="2018-09-06T17:05:20Z" finished-at="2018-09-06T17:05:34Z">
      <class name="com.mycompany.app.AppTest">
        <test-method status="PASS" signature="logInTest()[pri:0, instance:com.mycompany.app.AppTest@6ee52dcd]" name="logInTest" duration-ms="13586" started-at="2018-09-06T17:05:20Z" finished-at="2018-09-06T17:05:34Z">
          <reporter-output>
          </reporter-output>
        </test-method> <!-- logInTest -->
      </class> <!-- com.mycompany.app.AppTest -->
    </test> <!-- Default test -->
  </suite> <!-- Default suite -->
</testng-results>
